app/build/intermediates/manifest_merge_blame_file/debug/manifest-merger-blame-debug-report.txt
1<?xml version="1.0" encoding="utf-8"?>
2<manifest xmlns:android="http://schemas.android.com/apk/res/android"
3    package="com.example.smartcoach"
4    android:versionCode="1"
5    android:versionName="1.0" >
6
7    <uses-sdk
8        android:minSdkVersion="29"
8-->src\main\AndroidManifest.xml
9        android:targetSdkVersion="33" />
9-->src\main\AndroidManifest.xml
10
11    <uses-permission android:name="android.permission.INTERNET" />
11-->src\main\AndroidManifest.xml:4:5-67
11-->src\main\AndroidManifest.xml:4:22-64
12    <uses-permission android:name="android.permission.ACCESS_NETWORK_STATE" />
12-->src\main\AndroidManifest.xml:5:5-78
12-->src\main\AndroidManifest.xml:5:22-76
13    <uses-permission android:name="android.permission.READ_EXTERNAL_STORAGE" />
13-->src\main\AndroidManifest.xml:6:5-79
13-->src\main\AndroidManifest.xml:6:22-77
14    <uses-permission android:name="android.permission.WRITE_EXTERNAL_STORAGE" />
14-->src\main\AndroidManifest.xml:7:5-80
14-->src\main\AndroidManifest.xml:7:22-78
15
16    <application
16-->src\main\AndroidManifest.xml:8:5-210:19
17        android:allowBackup="true"
17-->src\main\AndroidManifest.xml:10:9-35
18        android:appComponentFactory="androidx.core.app.CoreComponentFactory"
18-->[androidx.core:core:1.7.0] AndroidManifest.xml:24:18-86
19        android:dataExtractionRules="@xml/data_extraction_rules"
19-->src\main\AndroidManifest.xml:11:9-65
20        android:debuggable="true"
21        android:extractNativeLibs="false"
22        android:fullBackupContent="@xml/backup_rules"
22-->src\main\AndroidManifest.xml:12:9-54
23        android:icon="@mipmap/ic_launcher"
23-->src\main\AndroidManifest.xml:13:9-43
24        android:label="@string/app_name"
24-->src\main\AndroidManifest.xml:14:9-41
25        android:networkSecurityConfig="@xml/networksecurityconfig"
25-->src\main\AndroidManifest.xml:9:9-67
26        android:roundIcon="@mipmap/ic_launcher_round"
26-->src\main\AndroidManifest.xml:15:9-54
27        android:supportsRtl="true"
27-->src\main\AndroidManifest.xml:16:9-35
28        android:testOnly="true"
29        android:theme="@style/Theme.SmartCoach" >
29-->src\main\AndroidManifest.xml:17:9-48
30        <activity
30-->src\main\AndroidManifest.xml:20:9-27:20
31            android:name="com.example.smartcoach.ui._1_PantallaInicio"
31-->src\main\AndroidManifest.xml:20:19-55
32            android:exported="true"
32-->src\main\AndroidManifest.xml:22:9-32
33            android:label="@string/app_name" >
33-->src\main\AndroidManifest.xml:21:9-41
34            <intent-filter>
34-->src\main\AndroidManifest.xml:23:9-26:25
35                <action android:name="android.intent.action.MAIN" />
35-->src\main\AndroidManifest.xml:24:13-65
35-->src\main\AndroidManifest.xml:24:21-62
36
37                <category android:name="android.intent.category.LAUNCHER" />
37-->src\main\AndroidManifest.xml:25:13-73
37-->src\main\AndroidManifest.xml:25:23-70
38            </intent-filter>
39        </activity>
40        <activity
40-->src\main\AndroidManifest.xml:29:9-32:39
41            android:name="com.example.smartcoach.ui._2_IniciarSesionRegistrarse"
41-->src\main\AndroidManifest.xml:30:13-59
42            android:exported="false"
42-->src\main\AndroidManifest.xml:32:13-37
43            android:label="@string/app_name" />
43-->src\main\AndroidManifest.xml:31:13-45
44        <activity
44-->src\main\AndroidManifest.xml:34:9-37:39
45            android:name="com.example.smartcoach.ui._3_Registrarse_Admi_1"
45-->src\main\AndroidManifest.xml:35:13-53
46            android:exported="false"
46-->src\main\AndroidManifest.xml:37:13-37
47            android:label="@string/app_name" />
47-->src\main\AndroidManifest.xml:36:13-45
48        <activity
48-->src\main\AndroidManifest.xml:38:9-41:39
49            android:name="com.example.smartcoach.ui._4_Registrarse_Admi_4"
49-->src\main\AndroidManifest.xml:39:13-53
50            android:exported="false"
50-->src\main\AndroidManifest.xml:41:13-37
51            android:label="@string/app_name" />
51-->src\main\AndroidManifest.xml:40:13-45
52        <activity
52-->src\main\AndroidManifest.xml:42:9-45:39
53            android:name="com.example.smartcoach.ui._39_Registrar_Usuario_1"
53-->src\main\AndroidManifest.xml:43:13-55
54            android:exported="false"
54-->src\main\AndroidManifest.xml:45:13-37
55            android:label="@string/app_name" />
55-->src\main\AndroidManifest.xml:44:13-45
56        <activity
56-->src\main\AndroidManifest.xml:46:9-49:39
57            android:name="com.example.smartcoach.ui._40_Registrar_Usuario_2"
57-->src\main\AndroidManifest.xml:47:13-55
58            android:exported="false"
58-->src\main\AndroidManifest.xml:49:13-37
59            android:label="@string/app_name" />
59-->src\main\AndroidManifest.xml:48:13-45
60        <activity
60-->src\main\AndroidManifest.xml:51:9-54:39
61            android:name="com.example.smartcoach.ui._63_Principal_Usuario"
61-->src\main\AndroidManifest.xml:52:13-53
62            android:exported="false"
62-->src\main\AndroidManifest.xml:54:13-37
63            android:label="@string/app_name" />
63-->src\main\AndroidManifest.xml:53:13-45
64        <activity
64-->src\main\AndroidManifest.xml:56:9-59:39
65            android:name="com.example.smartcoach.ui._6_Principal_Admi"
65-->src\main\AndroidManifest.xml:57:13-49
66            android:exported="false"
66-->src\main\AndroidManifest.xml:59:13-37
67            android:label="@string/app_name" />
67-->src\main\AndroidManifest.xml:58:13-45
68        <activity
68-->src\main\AndroidManifest.xml:61:9-64:39
69            android:name="com.example.smartcoach.ui._7_VerPerfil_Admi"
69-->src\main\AndroidManifest.xml:62:13-49
70            android:exported="false"
70-->src\main\AndroidManifest.xml:64:13-37
71            android:label="@string/app_name" />
71-->src\main\AndroidManifest.xml:63:13-45
72        <activity
72-->src\main\AndroidManifest.xml:66:9-69:39
73            android:name="com.example.smartcoach.ui._64_VerPerfil_Usuario"
73-->src\main\AndroidManifest.xml:67:13-53
74            android:exported="false"
74-->src\main\AndroidManifest.xml:69:13-37
75            android:label="@string/app_name" />
75-->src\main\AndroidManifest.xml:68:13-45
76        <activity
76-->src\main\AndroidManifest.xml:71:9-74:39
77            android:name="com.example.smartcoach.ui._8_ModificarPerfil_Admi"
77-->src\main\AndroidManifest.xml:72:13-55
78            android:exported="false"
78-->src\main\AndroidManifest.xml:74:13-37
79            android:label="@string/app_name" />
79-->src\main\AndroidManifest.xml:73:13-45
80        <activity
80-->src\main\AndroidManifest.xml:77:9-80:39
81            android:name="com.example.smartcoach.ui._65_ModificarPerfil_Usuario"
81-->src\main\AndroidManifest.xml:78:13-59
82            android:exported="false"
82-->src\main\AndroidManifest.xml:80:13-37
83            android:label="@string/app_name" />
83-->src\main\AndroidManifest.xml:79:13-45
84        <activity
84-->src\main\AndroidManifest.xml:82:9-85:39
85            android:name="com.example.smartcoach.ui._45_Registrar_Usuario_4"
85-->src\main\AndroidManifest.xml:83:13-55
86            android:exported="false"
86-->src\main\AndroidManifest.xml:85:13-37
87            android:label="@string/app_name" />
87-->src\main\AndroidManifest.xml:84:13-45
88        <activity
88-->src\main\AndroidManifest.xml:87:9-90:39
89            android:name="com.example.smartcoach.ui._59_registrar_usuario_5"
89-->src\main\AndroidManifest.xml:88:13-55
90            android:exported="false"
90-->src\main\AndroidManifest.xml:90:13-37
91            android:label="@string/app_name" />
91-->src\main\AndroidManifest.xml:89:13-45
92        <activity
92-->src\main\AndroidManifest.xml:92:9-95:39
93            android:name="com.example.smartcoach.ui._95_crear_rutina_usuario"
93-->src\main\AndroidManifest.xml:93:13-56
94            android:exported="false"
94-->src\main\AndroidManifest.xml:95:13-37
95            android:label="@string/app_name" />
95-->src\main\AndroidManifest.xml:94:13-45
96        <activity
96-->src\main\AndroidManifest.xml:98:9-101:39
97            android:name="com.example.smartcoach.ui._27_configurar_mapa_admin"
97-->src\main\AndroidManifest.xml:99:13-57
98            android:exported="false"
98-->src\main\AndroidManifest.xml:101:13-37
99            android:label="@string/app_name" />
99-->src\main\AndroidManifest.xml:100:13-45
100        <activity
100-->src\main\AndroidManifest.xml:103:9-107:20
101            android:name="com.example.smartcoach.ui._115_modificar_rutina_ejercicios"
101-->src\main\AndroidManifest.xml:104:13-64
102            android:exported="false"
102-->src\main\AndroidManifest.xml:106:13-37
103            android:label="@string/app_name" >
103-->src\main\AndroidManifest.xml:105:13-45
104        </activity>
105        <activity
105-->src\main\AndroidManifest.xml:109:9-113:20
106            android:name="com.example.smartcoach.ui._100_iniciar_rutina"
106-->src\main\AndroidManifest.xml:110:13-51
107            android:exported="false"
107-->src\main\AndroidManifest.xml:112:13-37
108            android:label="@string/app_name" >
108-->src\main\AndroidManifest.xml:111:13-45
109        </activity>
110        <activity
110-->src\main\AndroidManifest.xml:115:9-119:39
111            android:name="com.example.smartcoach.ui._59_2_registrar_usuario_5"
111-->src\main\AndroidManifest.xml:116:13-57
112            android:exported="false"
112-->src\main\AndroidManifest.xml:119:13-37
113            android:label="@string/app_name"
113-->src\main\AndroidManifest.xml:118:13-45
114            android:theme="@style/DialogActivityTheme" />
114-->src\main\AndroidManifest.xml:117:13-55
115        <activity
115-->src\main\AndroidManifest.xml:121:9-125:20
116            android:name="com.example.smartcoach.ui._23_modificar_equipo"
116-->src\main\AndroidManifest.xml:122:13-52
117            android:exported="false"
117-->src\main\AndroidManifest.xml:124:13-37
118            android:label="@string/app_name" >
118-->src\main\AndroidManifest.xml:123:13-45
119        </activity>
120        <activity
120-->src\main\AndroidManifest.xml:127:9-131:20
121            android:name="com.example.smartcoach.ui._17_ver_equipo_admin_creados"
121-->src\main\AndroidManifest.xml:128:13-60
122            android:exported="false"
122-->src\main\AndroidManifest.xml:130:13-37
123            android:label="@string/app_name" >
123-->src\main\AndroidManifest.xml:129:13-45
124        </activity>
125        <activity
125-->src\main\AndroidManifest.xml:132:9-136:20
126            android:name="com.example.smartcoach.ui._19_crear_equipo_admin"
126-->src\main\AndroidManifest.xml:133:13-54
127            android:exported="false"
127-->src\main\AndroidManifest.xml:135:13-37
128            android:label="@string/app_name" >
128-->src\main\AndroidManifest.xml:134:13-45
129        </activity>
130        <activity
130-->src\main\AndroidManifest.xml:138:9-142:20
131            android:name="com.example.smartcoach.ui._16_ver_equipo_admin_todos"
131-->src\main\AndroidManifest.xml:139:13-58
132            android:exported="false"
132-->src\main\AndroidManifest.xml:141:13-37
133            android:label="@string/app_name" >
133-->src\main\AndroidManifest.xml:140:13-45
134        </activity>
135        <activity
135-->src\main\AndroidManifest.xml:144:9-148:20
136            android:name="com.example.smartcoach.ui._98_ver_rutina_ejercicio_usuario"
136-->src\main\AndroidManifest.xml:145:13-64
137            android:exported="false"
137-->src\main\AndroidManifest.xml:147:13-37
138            android:label="@string/app_name" >
138-->src\main\AndroidManifest.xml:146:13-45
139        </activity>
140        <activity
140-->src\main\AndroidManifest.xml:150:9-154:20
141            android:name="com.example.smartcoach.ui._35_ver_mapa_admin"
141-->src\main\AndroidManifest.xml:151:13-50
142            android:exported="false"
142-->src\main\AndroidManifest.xml:153:13-37
143            android:label="@string/app_name" >
143-->src\main\AndroidManifest.xml:152:13-45
144        </activity>
145        <activity
145-->src\main\AndroidManifest.xml:156:9-160:20
146            android:name="com.example.smartcoach.ui._127_ver_gimnasios_para_suscribirse"
146-->src\main\AndroidManifest.xml:157:13-67
147            android:exported="false"
147-->src\main\AndroidManifest.xml:159:13-37
148            android:label="@string/app_name" >
148-->src\main\AndroidManifest.xml:158:13-45
149        </activity>
150        <activity
150-->src\main\AndroidManifest.xml:162:9-166:20
151            android:name="com.example.smartcoach.ui._120_ver_informacion_gimnasio"
151-->src\main\AndroidManifest.xml:163:13-61
152            android:exported="false"
152-->src\main\AndroidManifest.xml:165:13-37
153            android:label="@string/app_name" >
153-->src\main\AndroidManifest.xml:164:13-45
154        </activity>
155        <activity
155-->src\main\AndroidManifest.xml:168:9-172:20
156            android:name="com.example.smartcoach.ui._126_lista_gimnasios_vacia"
156-->src\main\AndroidManifest.xml:169:13-58
157            android:exported="false"
157-->src\main\AndroidManifest.xml:171:13-37
158            android:label="@string/app_name" >
158-->src\main\AndroidManifest.xml:170:13-45
159        </activity>
160        <activity
160-->src\main\AndroidManifest.xml:174:9-178:20
161            android:name="com.example.smartcoach.ui._29_crear_mapa_admin"
161-->src\main\AndroidManifest.xml:175:13-52
162            android:exported="false"
162-->src\main\AndroidManifest.xml:177:13-37
163            android:label="@string/app_name" >
163-->src\main\AndroidManifest.xml:176:13-45
164        </activity>
165        <activity
165-->src\main\AndroidManifest.xml:180:9-184:20
166            android:name="com.example.smartcoach.ui._36_modificar_informacion_gimnasio"
166-->src\main\AndroidManifest.xml:181:13-66
167            android:exported="false"
167-->src\main\AndroidManifest.xml:183:13-37
168            android:label="@string/app_name" >
168-->src\main\AndroidManifest.xml:182:13-45
169        </activity>
170        <activity
170-->src\main\AndroidManifest.xml:186:9-190:20
171            android:name="com.example.smartcoach.ui._37_crea_tu_gimnasio_admin"
171-->src\main\AndroidManifest.xml:187:13-58
172            android:exported="false"
172-->src\main\AndroidManifest.xml:189:13-37
173            android:label="@string/app_name" >
173-->src\main\AndroidManifest.xml:188:13-45
174        </activity>
175        <activity
175-->src\main\AndroidManifest.xml:192:9-196:20
176            android:name="com.example.smartcoach.ui._42_Registrar_Usuario_3"
176-->src\main\AndroidManifest.xml:193:13-55
177            android:exported="false"
177-->src\main\AndroidManifest.xml:195:13-37
178            android:label="@string/app_name" >
178-->src\main\AndroidManifest.xml:194:13-45
179        </activity>
180        <activity
180-->src\main\AndroidManifest.xml:198:9-202:20
181            android:name="com.example.smartcoach.ui._121_ver_mapa_cliente"
181-->src\main\AndroidManifest.xml:199:13-53
182            android:exported="false"
182-->src\main\AndroidManifest.xml:201:13-37
183            android:label="@string/app_name" >
183-->src\main\AndroidManifest.xml:200:13-45
184        </activity>
185        <activity
185-->src\main\AndroidManifest.xml:204:9-208:20
186            android:name="com.example.smartcoach.ui._31_armar_mapa_admin"
186-->src\main\AndroidManifest.xml:205:13-52
187            android:exported="false"
187-->src\main\AndroidManifest.xml:207:13-37
188            android:label="@string/app_name" >
188-->src\main\AndroidManifest.xml:206:13-45
189        </activity>
190
191        <provider
191-->[androidx.emoji2:emoji2:1.0.0] AndroidManifest.xml:26:9-34:20
192            android:name="androidx.startup.InitializationProvider"
192-->[androidx.emoji2:emoji2:1.0.0] AndroidManifest.xml:27:13-67
193            android:authorities="com.example.smartcoach.androidx-startup"
193-->[androidx.emoji2:emoji2:1.0.0] AndroidManifest.xml:28:13-68
194            android:exported="false" >
194-->[androidx.emoji2:emoji2:1.0.0] AndroidManifest.xml:29:13-37
195            <meta-data
195-->[androidx.emoji2:emoji2:1.0.0] AndroidManifest.xml:31:13-33:52
196                android:name="androidx.emoji2.text.EmojiCompatInitializer"
196-->[androidx.emoji2:emoji2:1.0.0] AndroidManifest.xml:32:17-75
197                android:value="androidx.startup" />
197-->[androidx.emoji2:emoji2:1.0.0] AndroidManifest.xml:33:17-49
198            <meta-data
198-->[androidx.lifecycle:lifecycle-process:2.4.0] AndroidManifest.xml:31:13-33:52
199                android:name="androidx.lifecycle.ProcessLifecycleInitializer"
199-->[androidx.lifecycle:lifecycle-process:2.4.0] AndroidManifest.xml:32:17-78
200                android:value="androidx.startup" />
200-->[androidx.lifecycle:lifecycle-process:2.4.0] AndroidManifest.xml:33:17-49
201        </provider>
202    </application>
203
204</manifest>